<?xml version="1.0" encoding="UTF-8"?>
<!-- Generated by org.testng.reporters.JUnitReportReporter -->
<testsuite hostname="DESKTOP-4A1G1BH" failures="0" tests="1" name="com.project.tests.Testcase4" time="52.603" errors="0" timestamp="2024-01-04T13:03:42 IST" skipped="0">
  <testcase classname="com.project.tests.Testcase4" name="roundway" time="52.603"/>
  <system-out/>
</testsuite> <!-- com.project.tests.Testcase4 -->
