<?xml version="1.0" encoding="UTF-8"?>
<!-- Generated by org.testng.reporters.JUnitReportReporter -->
<testsuite hostname="DESKTOP-4A1G1BH" failures="0" tests="1" name="com.project.tests.Testcase5" time="19.614" errors="0" timestamp="2024-01-04T08:16:51 IST" skipped="0">
  <testcase classname="com.project.tests.Testcase5" name="roundway" time="19.614"/>
  <system-out/>
</testsuite> <!-- com.project.tests.Testcase5 -->
