<?xml version="1.0" encoding="UTF-8"?>
<!-- Generated by org.testng.reporters.JUnitReportReporter -->
<testsuite hostname="DESKTOP-4A1G1BH" failures="0" tests="1" name="com.project.tests.Testcase3" time="232.907" errors="0" timestamp="2024-01-04T12:56:43 IST" skipped="0">
  <testcase classname="com.project.tests.Testcase3" name="login" time="232.907"/>
  <system-out/>
</testsuite> <!-- com.project.tests.Testcase3 -->
