<?xml version="1.0" encoding="UTF-8"?>
<!-- Generated by org.testng.reporters.JUnitReportReporter -->
<testsuite hostname="DESKTOP-4A1G1BH" failures="0" tests="1" name="com.project.tests.Testcase2" time="17.608" errors="0" timestamp="2023-12-26T04:05:37 IST" skipped="0">
  <testcase classname="com.project.tests.Testcase2" name="login" time="17.608"/>
  <system-out/>
</testsuite> <!-- com.project.tests.Testcase2 -->
