<?xml version="1.0" encoding="UTF-8"?>
<!-- Generated by org.testng.reporters.JUnitReportReporter -->
<testsuite hostname="DESKTOP-4A1G1BH" failures="0" tests="1" name="com.project.tests.Testcase1" time="26.520" errors="0" timestamp="2023-12-28T07:16:23 IST" skipped="0">
  <testcase classname="com.project.tests.Testcase1" name="browserTest" time="26.520"/>
  <system-out/>
</testsuite> <!-- com.project.tests.Testcase1 -->
