<?xml version="1.0" encoding="UTF-8"?>
<!-- Generated by org.testng.reporters.JUnitReportReporter -->
<testsuite hostname="DESKTOP-4A1G1BH" failures="0" tests="1" name="com.project.tests.Testcase7" time="17.261" errors="0" timestamp="2024-01-04T12:18:43 IST" skipped="0">
  <testcase classname="com.project.tests.Testcase7" name="roundway" time="17.261"/>
  <system-out/>
</testsuite> <!-- com.project.tests.Testcase7 -->
